  main.cpp
C:\Users\u5706606\Documents\projects\path-tracer\path-tracer\Sampling.h(41,19): warning C4305: 'return': truncation from 'double' to 'float'
  (compiling source file 'main.cpp')
  
C:\Users\u5706606\Documents\projects\path-tracer\path-tracer\Sampling.h(78,19): warning C4305: 'return': truncation from 'double' to 'float'
  (compiling source file 'main.cpp')
  
C:\Users\u5706606\Documents\projects\path-tracer\path-tracer\Geometry.h(456,27): warning C4018: '<': signed/unsigned mismatch
  (compiling source file 'main.cpp')
  
C:\Users\u5706606\Documents\projects\path-tracer\path-tracer\Geometry.h(493,27): warning C4018: '<': signed/unsigned mismatch
  (compiling source file 'main.cpp')
  
C:\Users\u5706606\Documents\projects\path-tracer\path-tracer\Imaging.h(205,23): warning C4018: '<': signed/unsigned mismatch
  (compiling source file 'main.cpp')
  
C:\Users\u5706606\Documents\projects\path-tracer\path-tracer\Imaging.h(205,48): warning C4018: '<': signed/unsigned mismatch
  (compiling source file 'main.cpp')
  
C:\Users\u5706606\Documents\projects\path-tracer\path-tracer\Imaging.h(213,21): warning C4018: '<': signed/unsigned mismatch
  (compiling source file 'main.cpp')
  
C:\Users\u5706606\Documents\projects\path-tracer\path-tracer\Imaging.h(261,11): warning C4305: 'initializing': truncation from 'double' to 'float'
  (compiling source file 'main.cpp')
  
C:\Users\u5706606\Documents\projects\path-tracer\path-tracer\Imaging.h(263,11): warning C4305: 'initializing': truncation from 'double' to 'float'
  (compiling source file 'main.cpp')
  
C:\Users\u5706606\Documents\projects\path-tracer\path-tracer\Imaging.h(264,11): warning C4305: 'initializing': truncation from 'double' to 'float'
  (compiling source file 'main.cpp')
  
C:\Users\u5706606\Documents\projects\path-tracer\path-tracer\Imaging.h(265,11): warning C4305: 'initializing': truncation from 'double' to 'float'
  (compiling source file 'main.cpp')
  
C:\Users\u5706606\Documents\projects\path-tracer\path-tracer\Imaging.h(266,11): warning C4305: 'initializing': truncation from 'double' to 'float'
  (compiling source file 'main.cpp')
  
C:\Users\u5706606\Documents\projects\path-tracer\path-tracer\Imaging.h(280,16): warning C4305: 'initializing': truncation from 'double' to 'float'
  (compiling source file 'main.cpp')
  
C:\Users\u5706606\Documents\projects\path-tracer\path-tracer\Imaging.h(281,11): warning C4305: 'initializing': truncation from 'double' to 'float'
  (compiling source file 'main.cpp')
  
C:\Users\u5706606\Documents\projects\path-tracer\path-tracer\Scene.h(86,42): warning C4267: 'argument': conversion from 'size_t' to 'int', possible loss of data
  (compiling source file 'main.cpp')
  
C:\Users\u5706606\Documents\projects\path-tracer\path-tracer\Renderer.h(461,21): warning C4018: '<': signed/unsigned mismatch
  (compiling source file 'main.cpp')
  
  Generating code
  2 of 2261 functions (<0.1%) were compiled, the rest were copied from previous compilation.
    0 functions were new in current compilation
    17 functions had inline decision re-evaluated but remain unchanged
  Finished generating code
  path-tracer.vcxproj -> C:\Users\u5706606\Documents\projects\path-tracer\path-tracer\x64\Release\path-tracer.exe
